Copyright 1986-2018 Xilinx, Inc. All Rights Reserved.
---------------------------------------------------------------------------------------------
| Tool Version : Vivado v.2018.3 (lin64) Build 2405991 Thu Dec  6 23:36:41 MST 2018
| Date         : Mon May 20 15:25:57 2019
| Host         : mobile-poop running 64-bit Ubuntu 16.04.6 LTS
| Command      : report_control_sets -verbose -file Seven_Segment_II_control_sets_placed.rpt
| Design       : Seven_Segment_II
| Device       : xc7a35t
---------------------------------------------------------------------------------------------

Control Set Information

Table of Contents
-----------------
1. Summary
2. Histogram
3. Flip-Flop Distribution
4. Detailed Control Set Information

1. Summary
----------

+----------------------------------------------------------+-------+
|                          Status                          | Count |
+----------------------------------------------------------+-------+
| Number of unique control sets                            |     2 |
| Unused register locations in slices containing registers |     8 |
+----------------------------------------------------------+-------+


2. Histogram
------------

+--------+--------------+
| Fanout | Control Sets |
+--------+--------------+
|      1 |            1 |
|      7 |            1 |
+--------+--------------+


3. Flip-Flop Distribution
-------------------------

+--------------+-----------------------+------------------------+-----------------+--------------+
| Clock Enable | Synchronous Set/Reset | Asynchronous Set/Reset | Total Registers | Total Slices |
+--------------+-----------------------+------------------------+-----------------+--------------+
| No           | No                    | No                     |               0 |            0 |
| No           | No                    | Yes                    |               1 |            1 |
| No           | Yes                   | No                     |               0 |            0 |
| Yes          | No                    | No                     |               0 |            0 |
| Yes          | No                    | Yes                    |               7 |            1 |
| Yes          | Yes                   | No                     |               0 |            0 |
+--------------+-----------------------+------------------------+-----------------+--------------+


4. Detailed Control Set Information
-----------------------------------

+----------------+----------------+------------------+------------------+----------------+
|  Clock Signal  |  Enable Signal | Set/Reset Signal | Slice Load Count | Bel Load Count |
+----------------+----------------+------------------+------------------+----------------+
|  clk_IBUF_BUFG |                | rst_IBUF         |                1 |              1 |
|  clk_IBUF_BUFG | seg[6]_i_1_n_0 | rst_IBUF         |                1 |              7 |
+----------------+----------------+------------------+------------------+----------------+


